# JRE version: OpenJDK Runtime Environment Temurin-21.0.8+9 (21.0.8+9) (build 21.0.8+9-LTS)
# Java VM: OpenJDK 64-Bit Server VM Temurin-21.0.8+9 (21.0.8+9-LTS, mixed mode, sharing, tiered, compressed oops, compressed class ptrs, parallel gc, windows-amd64)
GC Precious Log:
 CardTable entry size: 512
 CPUs: 20 total, 20 available
 Memory: 16070M
 Large Page Support: Disabled
 NUMA Support: Disabled
 Compressed Oops: Enabled (32-bit)
 Alignments: Space 512K, Generation 512K, Heap 2M
 Heap Min Capacity: 100M
 Heap Initial Capacity: 100M
 Heap Max Capacity: 2G
 Pre-touch: Disabled
 Parallel Workers: 15
Heap:
 PSYoungGen      total 2560K, used 554K [0x00000000d5580000, 0x00000000d5980000, 0x0000000100000000)
  eden space 2048K, 11% used [0x00000000d5580000,0x00000000d55babc0,0x00000000d5780000)
  from space 512K, 62% used [0x00000000d5900000,0x00000000d5950000,0x00000000d5980000)
  to   space 1024K, 0% used [0x00000000d5780000,0x00000000d5780000,0x00000000d5880000)
 ParOldGen       total 577536K, used 577356K [0x0000000080000000, 0x00000000a3400000, 0x00000000d5580000)
  object space 577536K, 99% used [0x0000000080000000,0x00000000a33d3128,0x00000000a3400000)
 Metaspace       used 70569K, committed 72192K, reserved 1114112K
  class space    used 7591K, committed 8320K, reserved 1048576K
GC Heap History (20 events):
Event: 31.311 GC heap before
{Heap before GC invocations=423 (full 3):
 PSYoungGen      total 1536K, used 1247K [0x00000000d5580000, 0x00000000d5c80000, 0x0000000100000000)
  eden space 512K, 99% used [0x00000000d5580000,0x00000000d55fffd8,0x00000000d5600000)
  from space 1024K, 71% used [0x00000000d5600000,0x00000000d56b8000,0x00000000d5700000)
  to   space 2560K, 0% used [0x00000000d5a00000,0x00000000d5a00000,0x00000000d5c80000)
 ParOldGen       total 570880K, used 570608K [0x0000000080000000, 0x00000000a2d80000, 0x00000000d5580000)
  object space 570880K, 99% used [0x0000000080000000,0x00000000a2d3c300,0x00000000a2d80000)
 Metaspace       used 69580K, committed 71104K, reserved 1114112K
  class space    used 7509K, committed 8192K, reserved 1048576K
}
Event: 31.312 GC heap after
{Heap after GC invocations=423 (full 3):
 PSYoungGen      total 2048K, used 736K [0x00000000d5580000, 0x00000000d5b00000, 0x0000000100000000)
  eden space 1024K, 0% used [0x00000000d5580000,0x00000000d5580000,0x00000000d5680000)
  from space 1024K, 71% used [0x00000000d5a00000,0x00000000d5ab8000,0x00000000d5b00000)
  to   space 1024K, 0% used [0x00000000d5900000,0x00000000d5900000,0x00000000d5a00000)
 ParOldGen       total 571392K, used 571072K [0x0000000080000000, 0x00000000a2e00000, 0x00000000d5580000)
  object space 571392K, 99% used [0x0000000080000000,0x00000000a2db0300,0x00000000a2e00000)
 Metaspace       used 69580K, committed 71104K, reserved 1114112K
  class space    used 7509K, committed 8192K, reserved 1048576K
}
Event: 31.314 GC heap before
{Heap before GC invocations=424 (full 3):
 PSYoungGen      total 2048K, used 1760K [0x00000000d5580000, 0x00000000d5b00000, 0x0000000100000000)
  eden space 1024K, 100% used [0x00000000d5580000,0x00000000d5680000,0x00000000d5680000)
  from space 1024K, 71% used [0x00000000d5a00000,0x00000000d5ab8000,0x00000000d5b00000)
  to   space 1024K, 0% used [0x00000000d5900000,0x00000000d5900000,0x00000000d5a00000)
 ParOldGen       total 571392K, used 571072K [0x0000000080000000, 0x00000000a2e00000, 0x00000000d5580000)
  object space 571392K, 99% used [0x0000000080000000,0x00000000a2db0300,0x00000000a2e00000)
 Metaspace       used 69580K, committed 71104K, reserved 1114112K
  class space    used 7509K, committed 8192K, reserved 1048576K
}
Event: 31.316 GC heap after
{Heap after GC invocations=424 (full 3):
 PSYoungGen      total 2560K, used 1024K [0x00000000d5580000, 0x00000000d5b00000, 0x0000000100000000)
  eden space 1536K, 0% used [0x00000000d5580000,0x00000000d5580000,0x00000000d5700000)
  from space 1024K, 100% used [0x00000000d5900000,0x00000000d5a00000,0x00000000d5a00000)
  to   space 1024K, 0% used [0x00000000d5a00000,0x00000000d5a00000,0x00000000d5b00000)
 ParOldGen       total 571904K, used 571632K [0x0000000080000000, 0x00000000a2e80000, 0x00000000d5580000)
  object space 571904K, 99% used [0x0000000080000000,0x00000000a2e3c300,0x00000000a2e80000)
 Metaspace       used 69580K, committed 71104K, reserved 1114112K
  class space    used 7509K, committed 8192K, reserved 1048576K
}
Event: 49.334 GC heap before
{Heap before GC invocations=425 (full 3):
 PSYoungGen      total 2560K, used 2559K [0x00000000d5580000, 0x00000000d5b00000, 0x0000000100000000)
  eden space 1536K, 99% used [0x00000000d5580000,0x00000000d56fffc0,0x00000000d5700000)
  from space 1024K, 100% used [0x00000000d5900000,0x00000000d5a00000,0x00000000d5a00000)
  to   space 1024K, 0% used [0x00000000d5a00000,0x00000000d5a00000,0x00000000d5b00000)
 ParOldGen       total 571904K, used 571632K [0x0000000080000000, 0x00000000a2e80000, 0x00000000d5580000)
  object space 571904K, 99% used [0x0000000080000000,0x00000000a2e3c300,0x00000000a2e80000)
 Metaspace       used 69624K, committed 71296K, reserved 1114112K
  class space    used 7518K, committed 8256K, reserved 1048576K
}
Event: 49.336 GC heap after
{Heap after GC invocations=425 (full 3):
 PSYoungGen      total 3072K, used 1024K [0x00000000d5580000, 0x00000000d5b00000, 0x0000000100000000)
  eden space 2048K, 0% used [0x00000000d5580000,0x00000000d5580000,0x00000000d5780000)
  from space 1024K, 100% used [0x00000000d5a00000,0x00000000d5b00000,0x00000000d5b00000)
  to   space 1536K, 0% used [0x00000000d5800000,0x00000000d5800000,0x00000000d5980000)
 ParOldGen       total 572928K, used 572584K [0x0000000080000000, 0x00000000a2f80000, 0x00000000d5580000)
  object space 572928K, 99% used [0x0000000080000000,0x00000000a2f2a300,0x00000000a2f80000)
 Metaspace       used 69624K, committed 71296K, reserved 1114112K
  class space    used 7518K, committed 8256K, reserved 1048576K
}
Event: 49.350 GC heap before
{Heap before GC invocations=426 (full 3):
 PSYoungGen      total 3072K, used 3066K [0x00000000d5580000, 0x00000000d5b00000, 0x0000000100000000)
  eden space 2048K, 99% used [0x00000000d5580000,0x00000000d577eb58,0x00000000d5780000)
  from space 1024K, 100% used [0x00000000d5a00000,0x00000000d5b00000,0x00000000d5b00000)
  to   space 1536K, 0% used [0x00000000d5800000,0x00000000d5800000,0x00000000d5980000)
 ParOldGen       total 572928K, used 572584K [0x0000000080000000, 0x00000000a2f80000, 0x00000000d5580000)
  object space 572928K, 99% used [0x0000000080000000,0x00000000a2f2a300,0x00000000a2f80000)
 Metaspace       used 69682K, committed 71296K, reserved 1114112K
  class space    used 7525K, committed 8256K, reserved 1048576K
}
Event: 49.352 GC heap after
{Heap after GC invocations=426 (full 3):
 PSYoungGen      total 4096K, used 384K [0x00000000d5580000, 0x00000000d5a80000, 0x0000000100000000)
  eden space 2560K, 0% used [0x00000000d5580000,0x00000000d5580000,0x00000000d5800000)
  from space 1536K, 25% used [0x00000000d5800000,0x00000000d5860010,0x00000000d5980000)
  to   space 1024K, 0% used [0x00000000d5980000,0x00000000d5980000,0x00000000d5a80000)
 ParOldGen       total 573440K, used 573408K [0x0000000080000000, 0x00000000a3000000, 0x00000000d5580000)
  object space 573440K, 99% used [0x0000000080000000,0x00000000a2ff8300,0x00000000a3000000)
 Metaspace       used 69682K, committed 71296K, reserved 1114112K
  class space    used 7525K, committed 8256K, reserved 1048576K
}
Event: 49.475 GC heap before
{Heap before GC invocations=427 (full 3):
 PSYoungGen      total 4096K, used 2944K [0x00000000d5580000, 0x00000000d5a80000, 0x0000000100000000)
  eden space 2560K, 100% used [0x00000000d5580000,0x00000000d5800000,0x00000000d5800000)
  from space 1536K, 25% used [0x00000000d5800000,0x00000000d5860010,0x00000000d5980000)
  to   space 1024K, 0% used [0x00000000d5980000,0x00000000d5980000,0x00000000d5a80000)
 ParOldGen       total 573440K, used 573408K [0x0000000080000000, 0x00000000a3000000, 0x00000000d5580000)
  object space 573440K, 99% used [0x0000000080000000,0x00000000a2ff8300,0x00000000a3000000)
 Metaspace       used 69857K, committed 71488K, reserved 1114112K
  class space    used 7528K, committed 8256K, reserved 1048576K
}
Event: 49.477 GC heap after
{Heap after GC invocations=427 (full 3):
 PSYoungGen      total 3584K, used 512K [0x00000000d5580000, 0x00000000d5a80000, 0x0000000100000000)
  eden space 2560K, 0% used [0x00000000d5580000,0x00000000d5580000,0x00000000d5800000)
  from space 1024K, 50% used [0x00000000d5980000,0x00000000d5a00020,0x00000000d5a80000)
  to   space 1024K, 0% used [0x00000000d5880000,0x00000000d5880000,0x00000000d5980000)
 ParOldGen       total 574976K, used 574302K [0x0000000080000000, 0x00000000a3180000, 0x00000000d5580000)
  object space 574976K, 99% used [0x0000000080000000,0x00000000a30d7810,0x00000000a3180000)
 Metaspace       used 69857K, committed 71488K, reserved 1114112K
  class space    used 7528K, committed 8256K, reserved 1048576K
}
Event: 205.494 GC heap before
{Heap before GC invocations=428 (full 3):
 PSYoungGen      total 3584K, used 3072K [0x00000000d5580000, 0x00000000d5a80000, 0x0000000100000000)
  eden space 2560K, 99% used [0x00000000d5580000,0x00000000d57ffff0,0x00000000d5800000)
  from space 1024K, 50% used [0x00000000d5980000,0x00000000d5a00020,0x00000000d5a80000)
  to   space 1024K, 0% used [0x00000000d5880000,0x00000000d5880000,0x00000000d5980000)
 ParOldGen       total 574976K, used 574302K [0x0000000080000000, 0x00000000a3180000, 0x00000000d5580000)
  object space 574976K, 99% used [0x0000000080000000,0x00000000a30d7810,0x00000000a3180000)
 Metaspace       used 69908K, committed 71552K, reserved 1114112K
  class space    used 7532K, committed 8256K, reserved 1048576K
}
Event: 205.496 GC heap after
{Heap after GC invocations=428 (full 3):
 PSYoungGen      total 3584K, used 1005K [0x00000000d5580000, 0x00000000d5b00000, 0x0000000100000000)
  eden space 2560K, 0% used [0x00000000d5580000,0x00000000d5580000,0x00000000d5800000)
  from space 1024K, 98% used [0x00000000d5880000,0x00000000d597b510,0x00000000d5980000)
  to   space 1536K, 0% used [0x00000000d5980000,0x00000000d5980000,0x00000000d5b00000)
 ParOldGen       total 574976K, used 574470K [0x0000000080000000, 0x00000000a3180000, 0x00000000d5580000)
  object space 574976K, 99% used [0x0000000080000000,0x00000000a3101830,0x00000000a3180000)
 Metaspace       used 69908K, committed 71552K, reserved 1114112K
  class space    used 7532K, committed 8256K, reserved 1048576K
}
Event: 206.559 GC heap before
{Heap before GC invocations=429 (full 3):
 PSYoungGen      total 3584K, used 3565K [0x00000000d5580000, 0x00000000d5b00000, 0x0000000100000000)
  eden space 2560K, 100% used [0x00000000d5580000,0x00000000d5800000,0x00000000d5800000)
  from space 1024K, 98% used [0x00000000d5880000,0x00000000d597b510,0x00000000d5980000)
  to   space 1536K, 0% used [0x00000000d5980000,0x00000000d5980000,0x00000000d5b00000)
 ParOldGen       total 574976K, used 574470K [0x0000000080000000, 0x00000000a3180000, 0x00000000d5580000)
  object space 574976K, 99% used [0x0000000080000000,0x00000000a3101830,0x00000000a3180000)
 Metaspace       used 70055K, committed 71744K, reserved 1114112K
  class space    used 7551K, committed 8320K, reserved 1048576K
}
Event: 207.567 GC heap after
{Heap after GC invocations=429 (full 3):
 PSYoungGen      total 4096K, used 512K [0x00000000d5580000, 0x00000000d5a80000, 0x0000000100000000)
  eden space 3072K, 0% used [0x00000000d5580000,0x00000000d5580000,0x00000000d5880000)
  from space 1024K, 50% used [0x00000000d5980000,0x00000000d5a00020,0x00000000d5a80000)
  to   space 1024K, 0% used [0x00000000d5880000,0x00000000d5880000,0x00000000d5980000)
 ParOldGen       total 576000K, used 575323K [0x0000000080000000, 0x00000000a3280000, 0x00000000d5580000)
  object space 576000K, 99% used [0x0000000080000000,0x00000000a31d6d40,0x00000000a3280000)
 Metaspace       used 70055K, committed 71744K, reserved 1114112K
  class space    used 7551K, committed 8320K, reserved 1048576K
}
Event: 209.690 GC heap before
{Heap before GC invocations=430 (full 3):
 PSYoungGen      total 4096K, used 3449K [0x00000000d5580000, 0x00000000d5a80000, 0x0000000100000000)
  eden space 3072K, 95% used [0x00000000d5580000,0x00000000d585e6c0,0x00000000d5880000)
  from space 1024K, 50% used [0x00000000d5980000,0x00000000d5a00020,0x00000000d5a80000)
  to   space 1024K, 0% used [0x00000000d5880000,0x00000000d5880000,0x00000000d5980000)
 ParOldGen       total 576000K, used 575323K [0x0000000080000000, 0x00000000a3280000, 0x00000000d5580000)
  object space 576000K, 99% used [0x0000000080000000,0x00000000a31d6d40,0x00000000a3280000)
 Metaspace       used 70280K, committed 71936K, reserved 1114112K
  class space    used 7576K, committed 8320K, reserved 1048576K
}
Event: 209.693 GC heap after
{Heap after GC invocations=430 (full 3):
 PSYoungGen      total 4096K, used 720K [0x00000000d5580000, 0x00000000d5a80000, 0x0000000100000000)
  eden space 3072K, 0% used [0x00000000d5580000,0x00000000d5580000,0x00000000d5880000)
  from space 1024K, 70% used [0x00000000d5880000,0x00000000d5934010,0x00000000d5980000)
  to   space 1024K, 0% used [0x00000000d5980000,0x00000000d5980000,0x00000000d5a80000)
 ParOldGen       total 576000K, used 575615K [0x0000000080000000, 0x00000000a3280000, 0x00000000d5580000)
  object space 576000K, 99% used [0x0000000080000000,0x00000000a321ff60,0x00000000a3280000)
 Metaspace       used 70280K, committed 71936K, reserved 1114112K
  class space    used 7576K, committed 8320K, reserved 1048576K
}
Event: 209.734 GC heap before
{Heap before GC invocations=431 (full 3):
 PSYoungGen      total 4096K, used 3786K [0x00000000d5580000, 0x00000000d5a80000, 0x0000000100000000)
  eden space 3072K, 99% used [0x00000000d5580000,0x00000000d587e908,0x00000000d5880000)
  from space 1024K, 70% used [0x00000000d5880000,0x00000000d5934010,0x00000000d5980000)
  to   space 1024K, 0% used [0x00000000d5980000,0x00000000d5980000,0x00000000d5a80000)
 ParOldGen       total 576000K, used 575615K [0x0000000080000000, 0x00000000a3280000, 0x00000000d5580000)
  object space 576000K, 99% used [0x0000000080000000,0x00000000a321ff60,0x00000000a3280000)
 Metaspace       used 70349K, committed 72000K, reserved 1114112K
  class space    used 7579K, committed 8320K, reserved 1048576K
}
Event: 209.736 GC heap after
{Heap after GC invocations=431 (full 3):
 PSYoungGen      total 3072K, used 1019K [0x00000000d5580000, 0x00000000d5c80000, 0x0000000100000000)
  eden space 2048K, 0% used [0x00000000d5580000,0x00000000d5580000,0x00000000d5780000)
  from space 1024K, 99% used [0x00000000d5980000,0x00000000d5a7ef50,0x00000000d5a80000)
  to   space 2048K, 0% used [0x00000000d5780000,0x00000000d5780000,0x00000000d5980000)
 ParOldGen       total 576512K, used 576183K [0x0000000080000000, 0x00000000a3300000, 0x00000000d5580000)
  object space 576512K, 99% used [0x0000000080000000,0x00000000a32adf70,0x00000000a3300000)
 Metaspace       used 70349K, committed 72000K, reserved 1114112K
  class space    used 7579K, committed 8320K, reserved 1048576K
}
Event: 209.763 GC heap before
{Heap before GC invocations=432 (full 3):
 PSYoungGen      total 3072K, used 3067K [0x00000000d5580000, 0x00000000d5c80000, 0x0000000100000000)
  eden space 2048K, 100% used [0x00000000d5580000,0x00000000d5780000,0x00000000d5780000)
  from space 1024K, 99% used [0x00000000d5980000,0x00000000d5a7ef50,0x00000000d5a80000)
  to   space 2048K, 0% used [0x00000000d5780000,0x00000000d5780000,0x00000000d5980000)
 ParOldGen       total 576512K, used 576183K [0x0000000080000000, 0x00000000a3300000, 0x00000000d5580000)
  object space 576512K, 99% used [0x0000000080000000,0x00000000a32adf70,0x00000000a3300000)
 Metaspace       used 70369K, committed 72000K, reserved 1114112K
  class space    used 7581K, committed 8320K, reserved 1048576K
}
Event: 209.765 GC heap after
{Heap after GC invocations=432 (full 3):
 PSYoungGen      total 3072K, used 818K [0x00000000d5580000, 0x00000000d5a80000, 0x0000000100000000)
  eden space 2048K, 0% used [0x00000000d5580000,0x00000000d5580000,0x00000000d5780000)
  from space 1024K, 79% used [0x00000000d5780000,0x00000000d584ca70,0x00000000d5880000)
  to   space 1536K, 0% used [0x00000000d5900000,0x00000000d5900000,0x00000000d5a80000)
 ParOldGen       total 577536K, used 577204K [0x0000000080000000, 0x00000000a3400000, 0x00000000d5580000)
  object space 577536K, 99% used [0x0000000080000000,0x00000000a33ad128,0x00000000a3400000)
 Metaspace       used 70369K, committed 72000K, reserved 1114112K
  class space    used 7581K, committed 8320K, reserved 1048576K
}

